2026-01-17T19:10:51 | touched: test/Avalanchego.test.js
2026-01-08T18:51:10 | touched: .env.example
2026-01-07T04:25:55 | touched: contracts/Avalanchego.sol
2025-04-22T03:57:24 | touched: scripts/deploy.js
2025-06-05T00:33:01 | touched: test/Avalanchego.test.js
2025-11-28T06:00:38 | touched: LICENSE
2025-03-05T17:44:30 | touched: test/Avalanchego.test.js
2026-01-20T02:26:48 | touched: scripts/deploy.js
2025-12-24T19:58:58 | touched: .env.example
2025-05-29T16:10:18 | touched: LICENSE
2026-01-18T22:40:14 | touched: README.md
2025-03-02T18:57:07 | touched: README.md
2025-12-12T06:03:16 | touched: README.md
2025-11-05T05:38:27 | touched: hardhat.config.js
2025-03-02T02:34:24 | touched: package.json
2025-10-16T11:48:33 | touched: package.json
2025-08-14T17:20:38 | touched: test/Avalanchego.test.js
2025-05-02T07:09:14 | touched: package.json
2025-08-11T05:45:47 | touched: test/Avalanchego.test.js
2025-12-24T21:34:14 | touched: package.json
2025-09-28T04:53:57 | touched: LICENSE
2025-09-15T23:35:50 | touched: contracts/Avalanchego.sol
2025-04-01T17:09:36 | touched: scripts/deploy.js
